mode: set
github.com/northcutted/dock-docs/pkg/parser/parser.go:24.58,26.31 2 0
github.com/northcutted/dock-docs/pkg/parser/parser.go:26.31,27.21 1 0
github.com/northcutted/dock-docs/pkg/parser/parser.go:27.21,29.4 1 0
github.com/northcutted/dock-docs/pkg/parser/parser.go:31.2,31.17 1 0
github.com/northcutted/dock-docs/pkg/parser/parser.go:35.53,37.16 2 1
github.com/northcutted/dock-docs/pkg/parser/parser.go:37.16,39.3 1 0
github.com/northcutted/dock-docs/pkg/parser/parser.go:40.2,40.15 1 1
github.com/northcutted/dock-docs/pkg/parser/parser.go:40.15,43.3 1 1
github.com/northcutted/dock-docs/pkg/parser/parser.go:45.2,46.16 2 1
github.com/northcutted/dock-docs/pkg/parser/parser.go:46.16,48.3 1 0
github.com/northcutted/dock-docs/pkg/parser/parser.go:50.2,54.43 2 1
github.com/northcutted/dock-docs/pkg/parser/parser.go:54.43,60.38 3 1
github.com/northcutted/dock-docs/pkg/parser/parser.go:61.14,62.37 1 1
github.com/northcutted/dock-docs/pkg/parser/parser.go:63.14,64.37 1 1
github.com/northcutted/dock-docs/pkg/parser/parser.go:65.16,66.39 1 1
github.com/northcutted/dock-docs/pkg/parser/parser.go:67.17,68.29 1 1
github.com/northcutted/dock-docs/pkg/parser/parser.go:69.11,70.12 1 1
github.com/northcutted/dock-docs/pkg/parser/parser.go:79.3,79.24 1 1
github.com/northcutted/dock-docs/pkg/parser/parser.go:79.24,80.22 1 1
github.com/northcutted/dock-docs/pkg/parser/parser.go:80.22,82.21 2 1
github.com/northcutted/dock-docs/pkg/parser/parser.go:82.21,84.6 1 1
github.com/northcutted/dock-docs/pkg/parser/parser.go:85.5,85.28 1 1
github.com/northcutted/dock-docs/pkg/parser/parser.go:85.28,87.6 1 1
github.com/northcutted/dock-docs/pkg/parser/parser.go:88.5,88.22 1 1
github.com/northcutted/dock-docs/pkg/parser/parser.go:88.22,91.6 1 1
github.com/northcutted/dock-docs/pkg/parser/parser.go:92.5,92.19 1 1
github.com/northcutted/dock-docs/pkg/parser/parser.go:92.19,94.6 1 1
github.com/northcutted/dock-docs/pkg/parser/parser.go:96.4,96.43 1 1
github.com/northcutted/dock-docs/pkg/parser/parser.go:100.2,100.17 1 1
github.com/northcutted/dock-docs/pkg/parser/parser.go:103.49,104.29 1 1
github.com/northcutted/dock-docs/pkg/parser/parser.go:104.29,106.3 1 1
github.com/northcutted/dock-docs/pkg/parser/parser.go:108.2,114.21 6 1
github.com/northcutted/dock-docs/pkg/parser/parser.go:114.21,121.45 6 1
github.com/northcutted/dock-docs/pkg/parser/parser.go:121.45,123.4 1 1
github.com/northcutted/dock-docs/pkg/parser/parser.go:123.9,123.59 1 1
github.com/northcutted/dock-docs/pkg/parser/parser.go:123.59,125.4 1 1
github.com/northcutted/dock-docs/pkg/parser/parser.go:125.9,125.55 1 1
github.com/northcutted/dock-docs/pkg/parser/parser.go:125.55,127.4 1 1
github.com/northcutted/dock-docs/pkg/parser/parser.go:127.9,127.56 1 1
github.com/northcutted/dock-docs/pkg/parser/parser.go:127.56,129.4 1 1
github.com/northcutted/dock-docs/pkg/parser/parser.go:131.3,131.16 1 1
github.com/northcutted/dock-docs/pkg/parser/parser.go:131.16,133.17 1 1
github.com/northcutted/dock-docs/pkg/parser/parser.go:133.17,134.19 1 0
github.com/northcutted/dock-docs/pkg/parser/parser.go:134.19,136.6 1 0
github.com/northcutted/dock-docs/pkg/parser/parser.go:137.5,138.33 2 0
github.com/northcutted/dock-docs/pkg/parser/parser.go:141.4,142.21 2 1
github.com/northcutted/dock-docs/pkg/parser/parser.go:145.3,145.14 1 1
github.com/northcutted/dock-docs/pkg/parser/parser.go:146.15,147.77 1 1
github.com/northcutted/dock-docs/pkg/parser/parser.go:148.15,149.91 1 1
github.com/northcutted/dock-docs/pkg/parser/parser.go:150.18,151.81 1 1
github.com/northcutted/dock-docs/pkg/parser/parser.go:152.19,154.21 2 1
github.com/northcutted/dock-docs/pkg/parser/parser.go:154.21,156.5 1 1
github.com/northcutted/dock-docs/pkg/parser/parser.go:160.2,160.16 1 1
github.com/northcutted/dock-docs/pkg/parser/parser.go:160.16,162.3 1 1
github.com/northcutted/dock-docs/pkg/parser/parser.go:164.2,164.14 1 1
github.com/northcutted/dock-docs/pkg/parser/parser.go:168.35,169.54 1 1
github.com/northcutted/dock-docs/pkg/parser/parser.go:169.54,171.3 1 1
github.com/northcutted/dock-docs/pkg/parser/parser.go:172.2,172.10 1 1
github.com/northcutted/dock-docs/pkg/parser/parser.go:176.64,178.22 2 1
github.com/northcutted/dock-docs/pkg/parser/parser.go:178.22,180.3 1 0
github.com/northcutted/dock-docs/pkg/parser/parser.go:187.2,188.18 2 1
github.com/northcutted/dock-docs/pkg/parser/parser.go:188.18,190.16 2 1
github.com/northcutted/dock-docs/pkg/parser/parser.go:190.16,193.12 2 0
github.com/northcutted/dock-docs/pkg/parser/parser.go:196.3,197.23 2 1
github.com/northcutted/dock-docs/pkg/parser/parser.go:197.23,203.4 2 1
github.com/northcutted/dock-docs/pkg/parser/parser.go:205.3,213.23 3 1
github.com/northcutted/dock-docs/pkg/parser/parser.go:213.23,214.29 1 1
github.com/northcutted/dock-docs/pkg/parser/parser.go:214.29,219.5 1 1
github.com/northcutted/dock-docs/pkg/parser/parser.go:219.10,223.5 1 0
github.com/northcutted/dock-docs/pkg/parser/parser.go:224.9,226.4 1 1
github.com/northcutted/dock-docs/pkg/parser/parser.go:229.2,229.14 1 1
github.com/northcutted/dock-docs/pkg/parser/parser.go:232.47,235.18 3 1
github.com/northcutted/dock-docs/pkg/parser/parser.go:235.18,242.3 5 1
github.com/northcutted/dock-docs/pkg/parser/parser.go:243.2,243.14 1 1
github.com/northcutted/dock-docs/main.go:5.13,7.2 1 0
github.com/northcutted/dock-docs/pkg/config/config.go:33.41,35.16 2 1
github.com/northcutted/dock-docs/pkg/config/config.go:35.16,37.3 1 1
github.com/northcutted/dock-docs/pkg/config/config.go:39.2,40.51 2 1
github.com/northcutted/dock-docs/pkg/config/config.go:40.51,42.3 1 1
github.com/northcutted/dock-docs/pkg/config/config.go:45.2,45.22 1 1
github.com/northcutted/dock-docs/pkg/config/config.go:45.22,47.3 1 1
github.com/northcutted/dock-docs/pkg/config/config.go:48.2,48.28 1 1
github.com/northcutted/dock-docs/pkg/config/config.go:48.28,50.3 1 1
github.com/northcutted/dock-docs/pkg/config/config.go:52.2,52.18 1 1
github.com/northcutted/dock-docs/pkg/runner/runner.go:22.62,23.13 1 0
github.com/northcutted/dock-docs/pkg/runner/runner.go:23.13,25.3 1 0
github.com/northcutted/dock-docs/pkg/runner/runner.go:32.2,33.16 2 0
github.com/northcutted/dock-docs/pkg/runner/runner.go:33.16,35.47 2 0
github.com/northcutted/dock-docs/pkg/runner/runner.go:35.47,37.4 1 0
github.com/northcutted/dock-docs/pkg/runner/runner.go:38.3,38.80 1 0
github.com/northcutted/dock-docs/pkg/runner/runner.go:41.2,41.13 1 0
github.com/northcutted/dock-docs/pkg/runner/runner.go:41.13,44.3 1 0
github.com/northcutted/dock-docs/pkg/runner/runner.go:46.2,46.20 1 0
github.com/northcutted/dock-docs/pkg/runner/runner.go:50.52,53.39 2 0
github.com/northcutted/dock-docs/pkg/runner/runner.go:53.39,54.14 1 0
github.com/northcutted/dock-docs/pkg/runner/runner.go:54.14,56.4 1 0
github.com/northcutted/dock-docs/pkg/runner/runner.go:57.3,57.13 1 0
github.com/northcutted/dock-docs/pkg/runner/runner.go:61.2,63.56 3 0
github.com/northcutted/dock-docs/pkg/runner/runner.go:63.56,65.3 1 0
github.com/northcutted/dock-docs/pkg/runner/runner.go:66.2,66.12 1 0
github.com/northcutted/dock-docs/pkg/runner/runner.go:74.39,75.20 1 1
github.com/northcutted/dock-docs/pkg/runner/runner.go:75.20,77.3 1 1
github.com/northcutted/dock-docs/pkg/runner/runner.go:78.2,78.18 1 1
github.com/northcutted/dock-docs/pkg/runner/runner.go:81.44,83.51 1 0
github.com/northcutted/dock-docs/pkg/runner/runner.go:83.51,86.3 2 0
github.com/northcutted/dock-docs/pkg/runner/runner.go:88.2,88.51 1 0
github.com/northcutted/dock-docs/pkg/runner/runner.go:88.51,91.3 2 0
github.com/northcutted/dock-docs/pkg/runner/runner.go:92.2,92.14 1 0
github.com/northcutted/dock-docs/pkg/runner/runner.go:95.84,97.20 1 0
github.com/northcutted/dock-docs/pkg/runner/runner.go:97.20,98.23 1 0
github.com/northcutted/dock-docs/pkg/runner/runner.go:98.23,100.4 1 0
github.com/northcutted/dock-docs/pkg/runner/runner.go:103.2,105.16 3 0
github.com/northcutted/dock-docs/pkg/runner/runner.go:105.16,107.3 1 0
github.com/northcutted/dock-docs/pkg/runner/runner.go:109.2,118.57 2 0
github.com/northcutted/dock-docs/pkg/runner/runner.go:118.57,120.3 1 0
github.com/northcutted/dock-docs/pkg/runner/runner.go:122.2,122.23 1 0
github.com/northcutted/dock-docs/pkg/runner/runner.go:122.23,124.3 1 0
github.com/northcutted/dock-docs/pkg/runner/runner.go:126.2,135.19 3 0
github.com/northcutted/dock-docs/pkg/runner/runner.go:143.40,143.61 1 1
github.com/northcutted/dock-docs/pkg/runner/runner.go:145.45,147.51 1 0
github.com/northcutted/dock-docs/pkg/runner/runner.go:147.51,150.3 2 0
github.com/northcutted/dock-docs/pkg/runner/runner.go:152.2,152.51 1 0
github.com/northcutted/dock-docs/pkg/runner/runner.go:152.51,155.3 2 0
github.com/northcutted/dock-docs/pkg/runner/runner.go:156.2,156.14 1 0
github.com/northcutted/dock-docs/pkg/runner/runner.go:159.85,160.20 1 0
github.com/northcutted/dock-docs/pkg/runner/runner.go:160.20,161.23 1 0
github.com/northcutted/dock-docs/pkg/runner/runner.go:161.23,163.4 1 0
github.com/northcutted/dock-docs/pkg/runner/runner.go:168.2,172.16 4 0
github.com/northcutted/dock-docs/pkg/runner/runner.go:172.16,176.3 1 0
github.com/northcutted/dock-docs/pkg/runner/runner.go:181.2,194.83 5 0
github.com/northcutted/dock-docs/pkg/runner/runner.go:194.83,198.37 3 0
github.com/northcutted/dock-docs/pkg/runner/runner.go:198.37,201.18 2 0
github.com/northcutted/dock-docs/pkg/runner/runner.go:201.18,204.5 2 0
github.com/northcutted/dock-docs/pkg/runner/runner.go:206.3,210.9 2 0
github.com/northcutted/dock-docs/pkg/runner/runner.go:222.2,222.48 1 0
github.com/northcutted/dock-docs/pkg/runner/runner.go:228.36,228.53 1 1
github.com/northcutted/dock-docs/pkg/runner/runner.go:230.41,233.2 2 0
github.com/northcutted/dock-docs/pkg/runner/runner.go:235.81,238.16 3 0
github.com/northcutted/dock-docs/pkg/runner/runner.go:238.16,240.3 1 0
github.com/northcutted/dock-docs/pkg/runner/runner.go:242.2,254.60 2 0
github.com/northcutted/dock-docs/pkg/runner/runner.go:254.60,256.3 1 0
github.com/northcutted/dock-docs/pkg/runner/runner.go:258.2,263.34 2 0
github.com/northcutted/dock-docs/pkg/runner/runner.go:263.34,264.38 1 0
github.com/northcutted/dock-docs/pkg/runner/runner.go:264.38,266.4 1 0
github.com/northcutted/dock-docs/pkg/runner/runner.go:266.9,268.4 1 0
github.com/northcutted/dock-docs/pkg/runner/runner.go:271.2,272.48 2 0
github.com/northcutted/dock-docs/pkg/runner/runner.go:272.48,274.16 2 0
github.com/northcutted/dock-docs/pkg/runner/runner.go:274.16,275.12 1 0
github.com/northcutted/dock-docs/pkg/runner/runner.go:277.3,281.5 2 0
github.com/northcutted/dock-docs/pkg/runner/runner.go:288.2,291.49 2 0
github.com/northcutted/dock-docs/pkg/runner/runner.go:291.49,293.3 1 0
github.com/northcutted/dock-docs/pkg/runner/runner.go:295.2,295.19 1 0
github.com/northcutted/dock-docs/pkg/runner/runner.go:301.37,301.55 1 1
github.com/northcutted/dock-docs/pkg/runner/runner.go:303.42,306.2 2 0
github.com/northcutted/dock-docs/pkg/runner/runner.go:308.82,311.16 3 0
github.com/northcutted/dock-docs/pkg/runner/runner.go:311.16,313.3 1 0
github.com/northcutted/dock-docs/pkg/runner/runner.go:315.2,328.61 2 0
github.com/northcutted/dock-docs/pkg/runner/runner.go:328.61,330.3 1 0
github.com/northcutted/dock-docs/pkg/runner/runner.go:332.2,337.44 2 0
github.com/northcutted/dock-docs/pkg/runner/runner.go:337.44,347.3 3 0
github.com/northcutted/dock-docs/pkg/runner/runner.go:350.2,358.56 2 0
github.com/northcutted/dock-docs/pkg/runner/runner.go:358.56,362.21 3 0
github.com/northcutted/dock-docs/pkg/runner/runner.go:362.21,364.4 1 0
github.com/northcutted/dock-docs/pkg/runner/runner.go:366.3,366.67 1 0
github.com/northcutted/dock-docs/pkg/runner/runner.go:369.2,369.19 1 0
github.com/northcutted/dock-docs/pkg/runner/runner.go:375.36,375.53 1 1
github.com/northcutted/dock-docs/pkg/runner/runner.go:377.41,380.2 2 0
github.com/northcutted/dock-docs/pkg/runner/runner.go:382.81,385.16 2 0
github.com/northcutted/dock-docs/pkg/runner/runner.go:385.16,387.3 1 0
github.com/northcutted/dock-docs/pkg/runner/runner.go:388.2,388.15 1 0
github.com/northcutted/dock-docs/pkg/runner/runner.go:388.15,391.3 1 0
github.com/northcutted/dock-docs/pkg/runner/runner.go:393.2,401.51 3 0
github.com/northcutted/dock-docs/pkg/runner/runner.go:401.51,402.52 1 0
github.com/northcutted/dock-docs/pkg/runner/runner.go:402.52,404.38 1 0
github.com/northcutted/dock-docs/pkg/runner/runner.go:404.38,411.46 2 0
github.com/northcutted/dock-docs/pkg/runner/runner.go:411.46,420.68 2 0
github.com/northcutted/dock-docs/pkg/runner/runner.go:420.68,422.111 1 0
github.com/northcutted/dock-docs/pkg/runner/runner.go:422.111,428.53 3 0
github.com/northcutted/dock-docs/pkg/runner/runner.go:428.53,430.9 1 0
github.com/northcutted/dock-docs/pkg/runner/runner.go:431.8,432.21 2 0
github.com/northcutted/dock-docs/pkg/runner/runner.go:452.2,452.13 1 0
github.com/northcutted/dock-docs/pkg/runner/runner.go:452.13,454.3 1 0
github.com/northcutted/dock-docs/pkg/runner/runner.go:456.2,457.16 2 0
github.com/northcutted/dock-docs/pkg/runner/runner.go:457.16,459.3 1 0
github.com/northcutted/dock-docs/pkg/runner/runner.go:461.2,461.13 1 0
github.com/northcutted/dock-docs/pkg/runner/runner.go:461.13,463.3 1 0
github.com/northcutted/dock-docs/pkg/runner/runner.go:465.2,466.16 2 0
github.com/northcutted/dock-docs/pkg/runner/runner.go:466.16,468.3 1 0
github.com/northcutted/dock-docs/pkg/runner/runner.go:470.2,477.61 2 0
github.com/northcutted/dock-docs/pkg/runner/runner.go:477.61,479.3 1 0
github.com/northcutted/dock-docs/pkg/runner/runner.go:481.2,490.19 2 0
github.com/northcutted/dock-docs/pkg/types/stats.go:41.55,42.20 1 1
github.com/northcutted/dock-docs/pkg/types/stats.go:42.20,44.3 1 1
github.com/northcutted/dock-docs/pkg/types/stats.go:46.2,46.95 1 1
github.com/northcutted/dock-docs/pkg/types/stats.go:49.57,50.24 1 1
github.com/northcutted/dock-docs/pkg/types/stats.go:50.24,52.3 1 1
github.com/northcutted/dock-docs/pkg/types/stats.go:53.2,53.85 1 1
github.com/northcutted/dock-docs/pkg/types/stats.go:56.61,57.23 1 1
github.com/northcutted/dock-docs/pkg/types/stats.go:57.23,59.3 1 1
github.com/northcutted/dock-docs/pkg/types/stats.go:60.2,61.23 2 1
github.com/northcutted/dock-docs/pkg/types/stats.go:61.23,63.3 1 1
github.com/northcutted/dock-docs/pkg/types/stats.go:64.2,64.23 1 1
github.com/northcutted/dock-docs/pkg/types/stats.go:64.23,66.3 1 1
github.com/northcutted/dock-docs/pkg/types/stats.go:67.2,67.97 1 1
github.com/northcutted/dock-docs/pkg/types/stats.go:70.55,76.18 5 1
github.com/northcutted/dock-docs/pkg/types/stats.go:76.18,78.3 1 1
github.com/northcutted/dock-docs/pkg/types/stats.go:78.8,78.21 1 1
github.com/northcutted/dock-docs/pkg/types/stats.go:78.21,80.3 1 1
github.com/northcutted/dock-docs/pkg/types/stats.go:82.2,83.99 2 1
github.com/northcutted/dock-docs/pkg/types/stats.go:86.39,88.2 1 1
github.com/northcutted/dock-docs/cmd/root.go:60.54,63.20 2 1
github.com/northcutted/dock-docs/cmd/root.go:63.20,64.55 1 1
github.com/northcutted/dock-docs/cmd/root.go:64.55,66.5 1 0
github.com/northcutted/dock-docs/cmd/root.go:69.3,69.20 1 1
github.com/northcutted/dock-docs/cmd/root.go:69.20,71.4 1 0
github.com/northcutted/dock-docs/cmd/root.go:73.3,73.25 1 1
github.com/northcutted/dock-docs/cmd/root.go:77.39,80.16 3 0
github.com/northcutted/dock-docs/cmd/root.go:80.16,82.3 1 0
github.com/northcutted/dock-docs/cmd/root.go:86.2,87.22 2 0
github.com/northcutted/dock-docs/cmd/root.go:87.22,88.45 1 0
github.com/northcutted/dock-docs/cmd/root.go:88.45,90.4 1 0
github.com/northcutted/dock-docs/cmd/root.go:91.3,91.62 1 0
github.com/northcutted/dock-docs/cmd/root.go:95.2,96.16 2 0
github.com/northcutted/dock-docs/cmd/root.go:96.16,101.3 1 0
github.com/northcutted/dock-docs/cmd/root.go:102.2,118.39 4 0
github.com/northcutted/dock-docs/cmd/root.go:118.39,121.23 2 0
github.com/northcutted/dock-docs/cmd/root.go:122.33,125.19 2 0
github.com/northcutted/dock-docs/cmd/root.go:125.19,127.5 1 0
github.com/northcutted/dock-docs/cmd/root.go:128.4,129.18 2 0
github.com/northcutted/dock-docs/cmd/root.go:129.18,131.5 1 0
github.com/northcutted/dock-docs/cmd/root.go:134.4,135.27 2 0
github.com/northcutted/dock-docs/cmd/root.go:135.27,138.19 3 0
github.com/northcutted/dock-docs/cmd/root.go:138.19,140.23 2 0
github.com/northcutted/dock-docs/cmd/root.go:140.23,142.7 1 0
github.com/northcutted/dock-docs/cmd/root.go:147.4,148.18 2 0
github.com/northcutted/dock-docs/cmd/root.go:148.18,150.5 1 0
github.com/northcutted/dock-docs/cmd/root.go:152.33,153.32 1 0
github.com/northcutted/dock-docs/cmd/root.go:153.32,154.13 1 0
github.com/northcutted/dock-docs/cmd/root.go:156.4,158.18 3 0
github.com/northcutted/dock-docs/cmd/root.go:158.18,160.5 1 0
github.com/northcutted/dock-docs/cmd/root.go:170.4,171.18 2 0
github.com/northcutted/dock-docs/cmd/root.go:171.18,173.5 1 0
github.com/northcutted/dock-docs/cmd/root.go:175.11,177.12 2 0
github.com/northcutted/dock-docs/cmd/root.go:181.3,182.17 2 0
github.com/northcutted/dock-docs/cmd/root.go:182.17,186.12 2 0
github.com/northcutted/dock-docs/cmd/root.go:188.3,188.27 1 0
github.com/northcutted/dock-docs/cmd/root.go:191.2,191.12 1 0
github.com/northcutted/dock-docs/cmd/root.go:191.12,194.3 2 0
github.com/northcutted/dock-docs/cmd/root.go:196.2,196.76 1 0
github.com/northcutted/dock-docs/cmd/root.go:196.76,198.3 1 0
github.com/northcutted/dock-docs/cmd/root.go:199.2,200.12 2 0
github.com/northcutted/dock-docs/cmd/root.go:203.28,206.16 2 1
github.com/northcutted/dock-docs/cmd/root.go:206.16,208.3 1 0
github.com/northcutted/dock-docs/cmd/root.go:211.2,212.20 2 1
github.com/northcutted/dock-docs/cmd/root.go:212.20,222.17 4 1
github.com/northcutted/dock-docs/cmd/root.go:222.17,224.21 2 1
github.com/northcutted/dock-docs/cmd/root.go:224.21,226.5 1 1
github.com/northcutted/dock-docs/cmd/root.go:231.2,236.16 3 1
github.com/northcutted/dock-docs/cmd/root.go:236.16,238.3 1 0
github.com/northcutted/dock-docs/cmd/root.go:241.2,241.12 1 1
github.com/northcutted/dock-docs/cmd/root.go:241.12,244.3 2 1
github.com/northcutted/dock-docs/cmd/root.go:247.2,248.16 2 1
github.com/northcutted/dock-docs/cmd/root.go:248.16,249.25 1 0
github.com/northcutted/dock-docs/cmd/root.go:249.25,250.15 1 0
github.com/northcutted/dock-docs/cmd/root.go:250.15,252.5 1 0
github.com/northcutted/dock-docs/cmd/root.go:253.4,254.14 2 0
github.com/northcutted/dock-docs/cmd/root.go:256.3,256.13 1 0
github.com/northcutted/dock-docs/cmd/root.go:259.2,262.16 3 1
github.com/northcutted/dock-docs/cmd/root.go:262.16,263.14 1 1
github.com/northcutted/dock-docs/cmd/root.go:263.14,265.4 1 1
github.com/northcutted/dock-docs/cmd/root.go:266.3,267.13 2 1
github.com/northcutted/dock-docs/cmd/root.go:270.2,270.75 1 1
github.com/northcutted/dock-docs/cmd/root.go:270.75,272.3 1 0
github.com/northcutted/dock-docs/cmd/root.go:273.2,275.12 2 1
github.com/northcutted/dock-docs/cmd/root.go:278.16,279.42 1 0
github.com/northcutted/dock-docs/cmd/root.go:279.42,282.3 2 0
github.com/northcutted/dock-docs/cmd/root.go:286.31,292.51 4 1
github.com/northcutted/dock-docs/cmd/root.go:292.51,294.3 1 0
github.com/northcutted/dock-docs/cmd/root.go:294.8,294.58 1 1
github.com/northcutted/dock-docs/cmd/root.go:294.58,296.3 1 1
github.com/northcutted/dock-docs/cmd/root.go:296.8,298.3 1 0
github.com/northcutted/dock-docs/cmd/root.go:300.2,300.29 1 1
github.com/northcutted/dock-docs/cmd/root.go:300.29,301.48 1 1
github.com/northcutted/dock-docs/cmd/root.go:301.48,303.4 1 1
github.com/northcutted/dock-docs/cmd/root.go:303.9,305.4 1 0
github.com/northcutted/dock-docs/cmd/root.go:307.2,307.24 1 1
github.com/northcutted/dock-docs/cmd/root.go:310.13,327.2 12 1
github.com/northcutted/dock-docs/cmd/version.go:22.47,26.3 3 0
github.com/northcutted/dock-docs/cmd/version.go:29.13,31.2 1 1
github.com/northcutted/dock-docs/pkg/injector/injector.go:16.73,20.22 3 1
github.com/northcutted/dock-docs/pkg/injector/injector.go:20.22,23.3 2 1
github.com/northcutted/dock-docs/pkg/injector/injector.go:25.2,28.36 3 1
github.com/northcutted/dock-docs/pkg/injector/injector.go:28.36,30.3 1 1
github.com/northcutted/dock-docs/pkg/injector/injector.go:32.2,32.24 1 1
github.com/northcutted/dock-docs/pkg/injector/injector.go:32.24,34.3 1 1
github.com/northcutted/dock-docs/pkg/injector/injector.go:37.2,37.127 1 1
github.com/northcutted/dock-docs/pkg/analysis/analyzer.go:21.98,27.29 3 1
github.com/northcutted/dock-docs/pkg/analysis/analyzer.go:27.29,30.21 2 1
github.com/northcutted/dock-docs/pkg/analysis/analyzer.go:30.21,33.18 2 1
github.com/northcutted/dock-docs/pkg/analysis/analyzer.go:33.18,35.21 2 1
github.com/northcutted/dock-docs/pkg/analysis/analyzer.go:35.21,37.6 1 1
github.com/northcutted/dock-docs/pkg/analysis/analyzer.go:38.5,38.15 1 1
github.com/northcutted/dock-docs/pkg/analysis/analyzer.go:40.4,41.14 2 1
github.com/northcutted/dock-docs/pkg/analysis/analyzer.go:45.2,45.33 1 1
github.com/northcutted/dock-docs/pkg/analysis/analyzer.go:45.33,47.3 1 0
github.com/northcutted/dock-docs/pkg/analysis/analyzer.go:50.2,51.30 2 1
github.com/northcutted/dock-docs/pkg/analysis/analyzer.go:51.30,52.17 1 1
github.com/northcutted/dock-docs/pkg/analysis/analyzer.go:52.17,54.4 1 1
github.com/northcutted/dock-docs/pkg/analysis/analyzer.go:57.2,57.26 1 1
github.com/northcutted/dock-docs/pkg/analysis/analyzer.go:64.92,65.17 1 1
github.com/northcutted/dock-docs/pkg/analysis/analyzer.go:65.17,67.3 1 0
github.com/northcutted/dock-docs/pkg/analysis/analyzer.go:70.2,70.52 1 1
github.com/northcutted/dock-docs/pkg/analysis/analyzer.go:70.52,72.3 1 0
github.com/northcutted/dock-docs/pkg/analysis/analyzer.go:74.2,85.28 5 1
github.com/northcutted/dock-docs/pkg/analysis/analyzer.go:85.28,86.23 1 1
github.com/northcutted/dock-docs/pkg/analysis/analyzer.go:86.23,87.15 1 0
github.com/northcutted/dock-docs/pkg/analysis/analyzer.go:87.15,89.5 1 0
github.com/northcutted/dock-docs/pkg/analysis/analyzer.go:90.4,90.12 1 0
github.com/northcutted/dock-docs/pkg/analysis/analyzer.go:93.3,94.26 2 1
github.com/northcutted/dock-docs/pkg/analysis/analyzer.go:94.26,97.18 3 1
github.com/northcutted/dock-docs/pkg/analysis/analyzer.go:97.18,100.5 2 1
github.com/northcutted/dock-docs/pkg/analysis/analyzer.go:102.4,104.33 3 1
github.com/northcutted/dock-docs/pkg/analysis/analyzer.go:108.2,113.27 4 1
github.com/northcutted/dock-docs/pkg/analysis/analyzer.go:113.27,116.3 2 1
github.com/northcutted/dock-docs/pkg/analysis/analyzer.go:119.2,126.61 2 1
github.com/northcutted/dock-docs/pkg/analysis/analyzer.go:126.61,129.21 3 0
github.com/northcutted/dock-docs/pkg/analysis/analyzer.go:129.21,131.4 1 0
github.com/northcutted/dock-docs/pkg/analysis/analyzer.go:132.3,132.77 1 0
github.com/northcutted/dock-docs/pkg/analysis/analyzer.go:135.2,135.19 1 1
github.com/northcutted/dock-docs/pkg/analysis/analyzer.go:135.19,138.26 2 1
github.com/northcutted/dock-docs/pkg/analysis/analyzer.go:138.26,140.4 1 1
github.com/northcutted/dock-docs/pkg/analysis/analyzer.go:141.3,141.110 1 1
github.com/northcutted/dock-docs/pkg/analysis/analyzer.go:144.2,144.24 1 1
github.com/northcutted/dock-docs/pkg/analysis/analyzer.go:147.46,148.16 1 1
github.com/northcutted/dock-docs/pkg/analysis/analyzer.go:148.16,150.3 1 0
github.com/northcutted/dock-docs/pkg/analysis/analyzer.go:152.2,152.28 1 1
github.com/northcutted/dock-docs/pkg/analysis/analyzer.go:152.28,154.3 1 0
github.com/northcutted/dock-docs/pkg/analysis/analyzer.go:155.2,155.18 1 1
github.com/northcutted/dock-docs/pkg/analysis/analyzer.go:155.18,157.3 1 0
github.com/northcutted/dock-docs/pkg/analysis/analyzer.go:158.2,158.24 1 1
github.com/northcutted/dock-docs/pkg/analysis/analyzer.go:158.24,160.3 1 0
github.com/northcutted/dock-docs/pkg/analysis/analyzer.go:161.2,161.22 1 1
github.com/northcutted/dock-docs/pkg/analysis/analyzer.go:161.22,163.3 1 1
github.com/northcutted/dock-docs/pkg/analysis/analyzer.go:164.2,164.26 1 1
github.com/northcutted/dock-docs/pkg/analysis/analyzer.go:164.26,166.3 1 0
github.com/northcutted/dock-docs/pkg/analysis/analyzer.go:167.2,167.25 1 1
github.com/northcutted/dock-docs/pkg/analysis/analyzer.go:167.25,169.3 1 1
github.com/northcutted/dock-docs/pkg/analysis/analyzer.go:170.2,170.27 1 1
github.com/northcutted/dock-docs/pkg/analysis/analyzer.go:170.27,172.3 1 0
github.com/northcutted/dock-docs/pkg/analysis/analyzer.go:173.2,173.28 1 1
github.com/northcutted/dock-docs/pkg/analysis/analyzer.go:173.28,175.3 1 0
github.com/northcutted/dock-docs/pkg/analysis/analyzer.go:176.2,176.41 1 1
github.com/northcutted/dock-docs/pkg/analysis/analyzer.go:176.41,178.3 1 0
github.com/northcutted/dock-docs/pkg/analysis/analyzer.go:179.2,179.27 1 1
github.com/northcutted/dock-docs/pkg/analysis/analyzer.go:179.27,181.3 1 0
github.com/northcutted/dock-docs/pkg/analysis/analyzer.go:182.2,182.34 1 1
github.com/northcutted/dock-docs/pkg/analysis/analyzer.go:182.34,184.3 1 0
github.com/northcutted/dock-docs/pkg/analysis/analyzer.go:185.2,185.30 1 1
github.com/northcutted/dock-docs/pkg/analysis/analyzer.go:185.30,186.37 1 0
github.com/northcutted/dock-docs/pkg/analysis/analyzer.go:186.37,188.4 1 0
github.com/northcutted/dock-docs/pkg/renderer/markdown.go:25.50,27.2 1 1
github.com/northcutted/dock-docs/pkg/renderer/markdown.go:29.48,30.12 1 1
github.com/northcutted/dock-docs/pkg/renderer/markdown.go:30.12,31.15 1 0
github.com/northcutted/dock-docs/pkg/renderer/markdown.go:32.16,33.18 1 0
github.com/northcutted/dock-docs/pkg/renderer/markdown.go:34.16,35.17 1 0
github.com/northcutted/dock-docs/pkg/renderer/markdown.go:36.19,37.19 1 0
github.com/northcutted/dock-docs/pkg/renderer/markdown.go:38.15,39.19 1 0
github.com/northcutted/dock-docs/pkg/renderer/markdown.go:40.17,41.18 1 0
github.com/northcutted/dock-docs/pkg/renderer/markdown.go:42.14,43.18 1 0
github.com/northcutted/dock-docs/pkg/renderer/markdown.go:44.16,45.17 1 0
github.com/northcutted/dock-docs/pkg/renderer/markdown.go:46.11,47.13 1 0
github.com/northcutted/dock-docs/pkg/renderer/markdown.go:51.2,51.14 1 1
github.com/northcutted/dock-docs/pkg/renderer/markdown.go:52.15,53.17 1 1
github.com/northcutted/dock-docs/pkg/renderer/markdown.go:54.14,55.19 1 1
github.com/northcutted/dock-docs/pkg/renderer/markdown.go:56.16,57.20 1 1
github.com/northcutted/dock-docs/pkg/renderer/markdown.go:58.13,59.20 1 1
github.com/northcutted/dock-docs/pkg/renderer/markdown.go:60.16,61.17 1 1
github.com/northcutted/dock-docs/pkg/renderer/markdown.go:62.14,63.17 1 1
github.com/northcutted/dock-docs/pkg/renderer/markdown.go:64.17,65.17 1 1
github.com/northcutted/dock-docs/pkg/renderer/markdown.go:66.15,67.15 1 1
github.com/northcutted/dock-docs/pkg/renderer/markdown.go:68.15,69.15 1 0
github.com/northcutted/dock-docs/pkg/renderer/markdown.go:70.18,71.16 1 1
github.com/northcutted/dock-docs/pkg/renderer/markdown.go:72.14,73.16 1 1
github.com/northcutted/dock-docs/pkg/renderer/markdown.go:74.16,75.16 1 0
github.com/northcutted/dock-docs/pkg/renderer/markdown.go:76.13,77.16 1 0
github.com/northcutted/dock-docs/pkg/renderer/markdown.go:78.15,79.16 1 1
github.com/northcutted/dock-docs/pkg/renderer/markdown.go:80.10,81.12 1 0
github.com/northcutted/dock-docs/pkg/renderer/markdown.go:169.101,171.49 1 1
github.com/northcutted/dock-docs/pkg/renderer/markdown.go:171.49,172.25 1 1
github.com/northcutted/dock-docs/pkg/renderer/markdown.go:172.25,174.5 1 1
github.com/northcutted/dock-docs/pkg/renderer/markdown.go:175.4,175.12 1 1
github.com/northcutted/dock-docs/pkg/renderer/markdown.go:180.2,180.16 1 1
github.com/northcutted/dock-docs/pkg/renderer/markdown.go:180.16,182.3 1 0
github.com/northcutted/dock-docs/pkg/renderer/markdown.go:184.2,189.18 2 1
github.com/northcutted/dock-docs/pkg/renderer/markdown.go:189.18,191.3 1 1
github.com/northcutted/dock-docs/pkg/renderer/markdown.go:191.8,193.25 1 1
github.com/northcutted/dock-docs/pkg/renderer/markdown.go:193.25,195.4 1 1
github.com/northcutted/dock-docs/pkg/renderer/markdown.go:198.2,199.48 2 1
github.com/northcutted/dock-docs/pkg/renderer/markdown.go:199.48,201.3 1 0
github.com/northcutted/dock-docs/pkg/renderer/markdown.go:203.2,203.26 1 1
github.com/northcutted/dock-docs/pkg/renderer/markdown.go:211.50,213.2 1 1
github.com/northcutted/dock-docs/pkg/renderer/markdown.go:267.82,269.49 1 1
github.com/northcutted/dock-docs/pkg/renderer/markdown.go:269.49,270.25 1 1
github.com/northcutted/dock-docs/pkg/renderer/markdown.go:270.25,272.5 1 1
github.com/northcutted/dock-docs/pkg/renderer/markdown.go:273.4,273.12 1 1
github.com/northcutted/dock-docs/pkg/renderer/markdown.go:277.2,277.16 1 1
github.com/northcutted/dock-docs/pkg/renderer/markdown.go:277.16,279.3 1 0
github.com/northcutted/dock-docs/pkg/renderer/markdown.go:281.2,287.48 3 1
github.com/northcutted/dock-docs/pkg/renderer/markdown.go:287.48,289.3 1 0
github.com/northcutted/dock-docs/pkg/renderer/markdown.go:291.2,291.26 1 1
